Arguments: 
  C:\Users\staddiken\Documents\Projekte\sonstiges\tally-web\tally-frontend-server\target\node\node.exe C:\Users\staddiken\Documents\Projekte\sonstiges\tally-web\tally-frontend-server\target\node\yarn\dist\bin\yarn.js install

PATH: 
  C:\Users\staddiken\Documents\Projekte\sonstiges\tally-web\tally-frontend-server\target\node;C:\Users\staddiken\Documents\Projekte\sonstiges\tally-web\tally-frontend-server\target\node\yarn\dist\bin;C:\ProgramData\DockerDesktop\version-bin;C:\Program Files\Docker\Docker\Resources\bin;C:\Program Files\Java\jdk-12.0.2;C:\Program Files (x86)\Common Files\Oracle\Java\javapath;C:\windows\system32;C:\windows;C:\windows\System32\Wbem;C:\windows\System32\WindowsPowerShell\v1.0\;C:\windows\System32\OpenSSH\;C:\Program Files\Java\jdk1.8.0_181\bin;C:\Program Files\apache-maven-3.5.4\bin;C:\Program Files (x86)\groovy-2.5.2\bin;C:\minikube;C:\ProgramData\chocolatey\bin;C:\Program Files\TortoiseSVN\bin;C:\Users\staddiken\tools\degraph-degraph-0.1.4\bin;C:\Users\staddiken\tools\cmder;C:\Program Files\nodejs\;C:\Program Files\TortoiseGit\bin;C:\Users\staddiken\AppData\Local\Microsoft\WindowsApps;C:\Users\staddiken\AppData\Local\Programs\Git\cmd;C:\Users\staddiken\AppData\Roaming\npm;C:\Users\staddiken\AppData\Local\atom\bin;

Yarn version: 
  1.13.0

Node version: 
  10.15.1

Platform: 
  win32 x64

Trace: 
  SyntaxError: C:\Users\staddiken\Documents\Projekte\sonstiges\tally-web\tally-frontend-server\package.json: Unexpected string in JSON at position 206
      at JSON.parse (<anonymous>)
      at C:\Users\staddiken\Documents\Projekte\sonstiges\tally-web\tally-frontend-server\target\node\yarn\dist\lib\cli.js:1625:59
      at Generator.next (<anonymous>)
      at step (C:\Users\staddiken\Documents\Projekte\sonstiges\tally-web\tally-frontend-server\target\node\yarn\dist\lib\cli.js:304:30)
      at C:\Users\staddiken\Documents\Projekte\sonstiges\tally-web\tally-frontend-server\target\node\yarn\dist\lib\cli.js:315:13

npm manifest: 
  {
  	"name": "tally-css",
  	"version": "1.0.0",
  	"description": "",
  	"main": "sass/main.css",
  	"scripts": {
          "build": "parcel build --public-url ./ -d target/classes/static src/main/frontend/**.html"
  		"watch": "nodemon -e scss -x \"npm run build\"",
  		"test": "echo \"Error: no test specified\" && exit 1"
  	},
  	"author": "Simon Taddiken",
  	"license": "MIT",
  	"devDependencies": {
  		"node-sass": "^4.9.3",
  		"nodemon": "^1.18.4",
  		"@babel/core": "^7.0.0-0",
  		"@babel/plugin-proposal-async-generator-functions": "^7.2.0",
  		"babel-preset-latest": "^6.24.1",
  		"parcel": "^1.11.0"
  	},
  	"dependencies": {
  		"bulma": "^0.7.4",
  		"bulma-badge": "^3.0.0",
  		"bulma-divider": "^2.0.1",
  		"bulma-timeline": "^3.0.0"
  	}
  }

yarn manifest: 
  No manifest

Lockfile: 
  No lockfile
